This is pdfTeX, Version 3.14159265-2.6-1.40.21 (MiKTeX 20.6.29) (preloaded format=pdflatex 2021.11.18)  18 NOV 2021 16:58
entering extended mode
**"./class practice II wk6.tex"
("class practice II wk6.tex"
LaTeX2e <2020-02-02> patch level 5
L3 programming layer <2020-06-18>
("C:\Program Files\MiKTeX\tex/latex/base\article.cls"
Document Class: article 2019/12/20 v1.4l Standard LaTeX document class
("C:\Program Files\MiKTeX\tex/latex/base\size10.clo"
File: size10.clo 2019/12/20 v1.4l Standard LaTeX file (size option)
)
\c@part=\count167
\c@section=\count168
\c@subsection=\count169
\c@subsubsection=\count170
\c@paragraph=\count171
\c@subparagraph=\count172
\c@figure=\count173
\c@table=\count174
\abovecaptionskip=\skip47
\belowcaptionskip=\skip48
\bibindent=\dimen134
)
("C:\Program Files\MiKTeX\tex/latex/booktabs\booktabs.sty"
Package: booktabs 2020/01/12 v1.61803398 Publication quality tables
\heavyrulewidth=\dimen135
\lightrulewidth=\dimen136
\cmidrulewidth=\dimen137
\belowrulesep=\dimen138
\belowbottomsep=\dimen139
\aboverulesep=\dimen140
\abovetopsep=\dimen141
\cmidrulesep=\dimen142
\cmidrulekern=\dimen143
\defaultaddspace=\dimen144
\@cmidla=\count175
\@cmidlb=\count176
\@aboverulesep=\dimen145
\@belowrulesep=\dimen146
\@thisruleclass=\count177
\@lastruleclass=\count178
\@thisrulewidth=\dimen147
)
("C:\Program Files\MiKTeX\tex/latex/pgfplots\pgfplotstable.sty"
("C:\Program Files\MiKTeX\tex/generic/pgfplots\pgfplots.revision.tex")
Package: pgfplotstable 2020/02/29 v1.17 Table typesetting and Pretty-printing (
1.17)

("C:\Program Files\MiKTeX\tex/latex/pgfplots\pgfplots.sty"
("C:\Program Files\MiKTeX\tex/generic/pgfplots\pgfplots.revision.tex")
Package: pgfplots 2020/02/29 v1.17 Data Visualization (1.17)

("C:\Program Files\MiKTeX\tex/latex/graphics\graphicx.sty"
Package: graphicx 2019/11/30 v1.2a Enhanced LaTeX Graphics (DPC,SPQR)

("C:\Program Files\MiKTeX\tex/latex/graphics\keyval.sty"
Package: keyval 2014/10/28 v1.15 key=value parser (DPC)
\KV@toks@=\toks15
)
("C:\Program Files\MiKTeX\tex/latex/graphics\graphics.sty"
Package: graphics 2019/11/30 v1.4a Standard LaTeX Graphics (DPC,SPQR)

("C:\Program Files\MiKTeX\tex/latex/graphics\trig.sty"
Package: trig 2016/01/03 v1.10 sin cos tan (DPC)
)
("C:\Program Files\MiKTeX\tex/latex/graphics-cfg\graphics.cfg"
File: graphics.cfg 2016/06/04 v1.11 sample graphics configuration
)
Package graphics Info: Driver file: pdftex.def on input line 105.

("C:\Program Files\MiKTeX\tex/latex/graphics-def\pdftex.def"
File: pdftex.def 2018/01/08 v1.0l Graphics/color driver for pdftex
))
\Gin@req@height=\dimen148
\Gin@req@width=\dimen149
)
("C:\Program Files\MiKTeX\tex/latex/pgf/frontendlayer\tikz.sty"
("C:\Program Files\MiKTeX\tex/latex/pgf/basiclayer\pgf.sty"
("C:\Program Files\MiKTeX\tex/latex/pgf/utilities\pgfrcs.sty"
("C:\Program Files\MiKTeX\tex/generic/pgf/utilities\pgfutil-common.tex"
\pgfutil@everybye=\toks16
\pgfutil@tempdima=\dimen150
\pgfutil@tempdimb=\dimen151

("C:\Program Files\MiKTeX\tex/generic/pgf/utilities\pgfutil-common-lists.tex"))
("C:\Program Files\MiKTeX\tex/generic/pgf/utilities\pgfutil-latex.def"
\pgfutil@abb=\box45

("C:\Program Files\MiKTeX\tex/latex/ms\everyshi.sty"
Package: everyshi 2001/05/15 v3.00 EveryShipout Package (MS)
))
("C:\Program Files\MiKTeX\tex/generic/pgf/utilities\pgfrcs.code.tex"
("C:\Program Files\MiKTeX\tex/generic/pgf\pgf.revision.tex")
Package: pgfrcs 2020/01/08 v3.1.5b (3.1.5b)
))
Package: pgf 2020/01/08 v3.1.5b (3.1.5b)

("C:\Program Files\MiKTeX\tex/latex/pgf/basiclayer\pgfcore.sty"
("C:\Program Files\MiKTeX\tex/latex/pgf/systemlayer\pgfsys.sty"
("C:\Program Files\MiKTeX\tex/generic/pgf/systemlayer\pgfsys.code.tex"
Package: pgfsys 2020/01/08 v3.1.5b (3.1.5b)

("C:\Program Files\MiKTeX\tex/generic/pgf/utilities\pgfkeys.code.tex"
\pgfkeys@pathtoks=\toks17
\pgfkeys@temptoks=\toks18

("C:\Program Files\MiKTeX\tex/generic/pgf/utilities\pgfkeysfiltered.code.tex"
\pgfkeys@tmptoks=\toks19
))
\pgf@x=\dimen152
\pgf@y=\dimen153
\pgf@xa=\dimen154
\pgf@ya=\dimen155
\pgf@xb=\dimen156
\pgf@yb=\dimen157
\pgf@xc=\dimen158
\pgf@yc=\dimen159
\pgf@xd=\dimen160
\pgf@yd=\dimen161
\w@pgf@writea=\write3
\r@pgf@reada=\read2
\c@pgf@counta=\count179
\c@pgf@countb=\count180
\c@pgf@countc=\count181
\c@pgf@countd=\count182
\t@pgf@toka=\toks20
\t@pgf@tokb=\toks21
\t@pgf@tokc=\toks22
\pgf@sys@id@count=\count183
("C:\Program Files\MiKTeX\tex/generic/pgf/systemlayer\pgf.cfg"
File: pgf.cfg 2020/01/08 v3.1.5b (3.1.5b)
)
Driver file for pgf: pgfsys-pdftex.def

("C:\Program Files\MiKTeX\tex/generic/pgf/systemlayer\pgfsys-pdftex.def"
File: pgfsys-pdftex.def 2020/01/08 v3.1.5b (3.1.5b)

("C:\Program Files\MiKTeX\tex/generic/pgf/systemlayer\pgfsys-common-pdf.def"
File: pgfsys-common-pdf.def 2020/01/08 v3.1.5b (3.1.5b)
))) ("C:\Program Files\MiKTeX\tex/generic/pgf/systemlayer\pgfsyssoftpath.code.t
ex"
File: pgfsyssoftpath.code.tex 2020/01/08 v3.1.5b (3.1.5b)
\pgfsyssoftpath@smallbuffer@items=\count184
\pgfsyssoftpath@bigbuffer@items=\count185
) ("C:\Program Files\MiKTeX\tex/generic/pgf/systemlayer\pgfsysprotocol.code.tex
"
File: pgfsysprotocol.code.tex 2020/01/08 v3.1.5b (3.1.5b)
)) ("C:\Program Files\MiKTeX\tex/latex/xcolor\xcolor.sty"
Package: xcolor 2016/05/11 v2.12 LaTeX color extensions (UK)

("C:\Program Files\MiKTeX\tex/latex/graphics-cfg\color.cfg"
File: color.cfg 2016/01/02 v1.6 sample color configuration
)
Package xcolor Info: Driver file: pdftex.def on input line 225.
Package xcolor Info: Model `cmy' substituted by `cmy0' on input line 1348.
Package xcolor Info: Model `hsb' substituted by `rgb' on input line 1352.
Package xcolor Info: Model `RGB' extended on input line 1364.
Package xcolor Info: Model `HTML' substituted by `rgb' on input line 1366.
Package xcolor Info: Model `Hsb' substituted by `hsb' on input line 1367.
Package xcolor Info: Model `tHsb' substituted by `hsb' on input line 1368.
Package xcolor Info: Model `HSB' substituted by `hsb' on input line 1369.
Package xcolor Info: Model `Gray' substituted by `gray' on input line 1370.
Package xcolor Info: Model `wave' substituted by `hsb' on input line 1371.
)
("C:\Program Files\MiKTeX\tex/generic/pgf/basiclayer\pgfcore.code.tex"
Package: pgfcore 2020/01/08 v3.1.5b (3.1.5b)

("C:\Program Files\MiKTeX\tex/generic/pgf/math\pgfmath.code.tex"
("C:\Program Files\MiKTeX\tex/generic/pgf/math\pgfmathcalc.code.tex"
("C:\Program Files\MiKTeX\tex/generic/pgf/math\pgfmathutil.code.tex")
("C:\Program Files\MiKTeX\tex/generic/pgf/math\pgfmathparser.code.tex"
\pgfmath@dimen=\dimen162
\pgfmath@count=\count186
\pgfmath@box=\box46
\pgfmath@toks=\toks23
\pgfmath@stack@operand=\toks24
\pgfmath@stack@operation=\toks25
)
("C:\Program Files\MiKTeX\tex/generic/pgf/math\pgfmathfunctions.code.tex"
("C:\Program Files\MiKTeX\tex/generic/pgf/math\pgfmathfunctions.basic.code.tex"
)
("C:\Program Files\MiKTeX\tex/generic/pgf/math\pgfmathfunctions.trigonometric.c
ode.tex")
("C:\Program Files\MiKTeX\tex/generic/pgf/math\pgfmathfunctions.random.code.tex
")
("C:\Program Files\MiKTeX\tex/generic/pgf/math\pgfmathfunctions.comparison.code
.tex")
("C:\Program Files\MiKTeX\tex/generic/pgf/math\pgfmathfunctions.base.code.tex")
("C:\Program Files\MiKTeX\tex/generic/pgf/math\pgfmathfunctions.round.code.tex"
) ("C:\Program Files\MiKTeX\tex/generic/pgf/math\pgfmathfunctions.misc.code.tex
")
("C:\Program Files\MiKTeX\tex/generic/pgf/math\pgfmathfunctions.integerarithmet
ics.code.tex")))
("C:\Program Files\MiKTeX\tex/generic/pgf/math\pgfmathfloat.code.tex"
\c@pgfmathroundto@lastzeros=\count187
))
("C:\Program Files\MiKTeX\tex/generic/pgf/math\pgfint.code.tex")
("C:\Program Files\MiKTeX\tex/generic/pgf/basiclayer\pgfcorepoints.code.tex"
File: pgfcorepoints.code.tex 2020/01/08 v3.1.5b (3.1.5b)
\pgf@picminx=\dimen163
\pgf@picmaxx=\dimen164
\pgf@picminy=\dimen165
\pgf@picmaxy=\dimen166
\pgf@pathminx=\dimen167
\pgf@pathmaxx=\dimen168
\pgf@pathminy=\dimen169
\pgf@pathmaxy=\dimen170
\pgf@xx=\dimen171
\pgf@xy=\dimen172
\pgf@yx=\dimen173
\pgf@yy=\dimen174
\pgf@zx=\dimen175
\pgf@zy=\dimen176
)
("C:\Program Files\MiKTeX\tex/generic/pgf/basiclayer\pgfcorepathconstruct.code.
tex"
File: pgfcorepathconstruct.code.tex 2020/01/08 v3.1.5b (3.1.5b)
\pgf@path@lastx=\dimen177
\pgf@path@lasty=\dimen178
)
("C:\Program Files\MiKTeX\tex/generic/pgf/basiclayer\pgfcorepathusage.code.tex"
File: pgfcorepathusage.code.tex 2020/01/08 v3.1.5b (3.1.5b)
\pgf@shorten@end@additional=\dimen179
\pgf@shorten@start@additional=\dimen180
) ("C:\Program Files\MiKTeX\tex/generic/pgf/basiclayer\pgfcorescopes.code.tex"
File: pgfcorescopes.code.tex 2020/01/08 v3.1.5b (3.1.5b)
\pgfpic=\box47
\pgf@hbox=\box48
\pgf@layerbox@main=\box49
\pgf@picture@serial@count=\count188
)
("C:\Program Files\MiKTeX\tex/generic/pgf/basiclayer\pgfcoregraphicstate.code.t
ex"
File: pgfcoregraphicstate.code.tex 2020/01/08 v3.1.5b (3.1.5b)
\pgflinewidth=\dimen181
)
("C:\Program Files\MiKTeX\tex/generic/pgf/basiclayer\pgfcoretransformations.cod
e.tex"
File: pgfcoretransformations.code.tex 2020/01/08 v3.1.5b (3.1.5b)
\pgf@pt@x=\dimen182
\pgf@pt@y=\dimen183
\pgf@pt@temp=\dimen184
)
("C:\Program Files\MiKTeX\tex/generic/pgf/basiclayer\pgfcorequick.code.tex"
File: pgfcorequick.code.tex 2020/01/08 v3.1.5b (3.1.5b)
)
("C:\Program Files\MiKTeX\tex/generic/pgf/basiclayer\pgfcoreobjects.code.tex"
File: pgfcoreobjects.code.tex 2020/01/08 v3.1.5b (3.1.5b)
)
("C:\Program Files\MiKTeX\tex/generic/pgf/basiclayer\pgfcorepathprocessing.code
.tex"
File: pgfcorepathprocessing.code.tex 2020/01/08 v3.1.5b (3.1.5b)
)
("C:\Program Files\MiKTeX\tex/generic/pgf/basiclayer\pgfcorearrows.code.tex"
File: pgfcorearrows.code.tex 2020/01/08 v3.1.5b (3.1.5b)
\pgfarrowsep=\dimen185
)
("C:\Program Files\MiKTeX\tex/generic/pgf/basiclayer\pgfcoreshade.code.tex"
File: pgfcoreshade.code.tex 2020/01/08 v3.1.5b (3.1.5b)
\pgf@max=\dimen186
\pgf@sys@shading@range@num=\count189
\pgf@shadingcount=\count190
)
("C:\Program Files\MiKTeX\tex/generic/pgf/basiclayer\pgfcoreimage.code.tex"
File: pgfcoreimage.code.tex 2020/01/08 v3.1.5b (3.1.5b)

("C:\Program Files\MiKTeX\tex/generic/pgf/basiclayer\pgfcoreexternal.code.tex"
File: pgfcoreexternal.code.tex 2020/01/08 v3.1.5b (3.1.5b)
\pgfexternal@startupbox=\box50
)) ("C:\Program Files\MiKTeX\tex/generic/pgf/basiclayer\pgfcorelayers.code.tex"
File: pgfcorelayers.code.tex 2020/01/08 v3.1.5b (3.1.5b)
)
("C:\Program Files\MiKTeX\tex/generic/pgf/basiclayer\pgfcoretransparency.code.t
ex"
File: pgfcoretransparency.code.tex 2020/01/08 v3.1.5b (3.1.5b)
)
("C:\Program Files\MiKTeX\tex/generic/pgf/basiclayer\pgfcorepatterns.code.tex"
File: pgfcorepatterns.code.tex 2020/01/08 v3.1.5b (3.1.5b)
) ("C:\Program Files\MiKTeX\tex/generic/pgf/basiclayer\pgfcorerdf.code.tex"
File: pgfcorerdf.code.tex 2020/01/08 v3.1.5b (3.1.5b)
)))
("C:\Program Files\MiKTeX\tex/generic/pgf/modules\pgfmoduleshapes.code.tex"
File: pgfmoduleshapes.code.tex 2020/01/08 v3.1.5b (3.1.5b)
\pgfnodeparttextbox=\box51
)
("C:\Program Files\MiKTeX\tex/generic/pgf/modules\pgfmoduleplot.code.tex"
File: pgfmoduleplot.code.tex 2020/01/08 v3.1.5b (3.1.5b)
)
("C:\Program Files\MiKTeX\tex/latex/pgf/compatibility\pgfcomp-version-0-65.sty"
Package: pgfcomp-version-0-65 2020/01/08 v3.1.5b (3.1.5b)
\pgf@nodesepstart=\dimen187
\pgf@nodesepend=\dimen188
) ("C:\Program Files\MiKTeX\tex/latex/pgf/compatibility\pgfcomp-version-1-18.st
y"
Package: pgfcomp-version-1-18 2020/01/08 v3.1.5b (3.1.5b)
)) ("C:\Program Files\MiKTeX\tex/latex/pgf/utilities\pgffor.sty"
("C:\Program Files\MiKTeX\tex/latex/pgf/utilities\pgfkeys.sty"
("C:\Program Files\MiKTeX\tex/generic/pgf/utilities\pgfkeys.code.tex"))
("C:\Program Files\MiKTeX\tex/latex/pgf/math\pgfmath.sty"
("C:\Program Files\MiKTeX\tex/generic/pgf/math\pgfmath.code.tex"))
("C:\Program Files\MiKTeX\tex/generic/pgf/utilities\pgffor.code.tex"
Package: pgffor 2020/01/08 v3.1.5b (3.1.5b)

("C:\Program Files\MiKTeX\tex/generic/pgf/math\pgfmath.code.tex")
\pgffor@iter=\dimen189
\pgffor@skip=\dimen190
\pgffor@stack=\toks26
\pgffor@toks=\toks27
))
("C:\Program Files\MiKTeX\tex/generic/pgf/frontendlayer/tikz\tikz.code.tex"
Package: tikz 2020/01/08 v3.1.5b (3.1.5b)

("C:\Program Files\MiKTeX\tex/generic/pgf/libraries\pgflibraryplothandlers.code
.tex"
File: pgflibraryplothandlers.code.tex 2020/01/08 v3.1.5b (3.1.5b)
\pgf@plot@mark@count=\count191
\pgfplotmarksize=\dimen191
)
\tikz@lastx=\dimen192
\tikz@lasty=\dimen193
\tikz@lastxsaved=\dimen194
\tikz@lastysaved=\dimen195
\tikz@lastmovetox=\dimen196
\tikz@lastmovetoy=\dimen197
\tikzleveldistance=\dimen198
\tikzsiblingdistance=\dimen199
\tikz@figbox=\box52
\tikz@figbox@bg=\box53
\tikz@tempbox=\box54
\tikz@tempbox@bg=\box55
\tikztreelevel=\count192
\tikznumberofchildren=\count193
\tikznumberofcurrentchild=\count194
\tikz@fig@count=\count195

("C:\Program Files\MiKTeX\tex/generic/pgf/modules\pgfmodulematrix.code.tex"
File: pgfmodulematrix.code.tex 2020/01/08 v3.1.5b (3.1.5b)
\pgfmatrixcurrentrow=\count196
\pgfmatrixcurrentcolumn=\count197
\pgf@matrix@numberofcolumns=\count198
)
\tikz@expandcount=\count199

("C:\Program Files\MiKTeX\tex/generic/pgf/frontendlayer/tikz/libraries\tikzlibr
arytopaths.code.tex"
File: tikzlibrarytopaths.code.tex 2020/01/08 v3.1.5b (3.1.5b)
)))
("C:\Program Files\MiKTeX\tex/generic/pgfplots\pgfplots.code.tex"
("C:\Program Files\MiKTeX\tex/generic/pgfplots\pgfplotscore.code.tex"
\t@pgfplots@toka=\toks28
\t@pgfplots@tokb=\toks29
\t@pgfplots@tokc=\toks30
\pgfplots@tmpa=\dimen256
\c@pgfplots@coordindex=\count266
\c@pgfplots@scanlineindex=\count267

("C:\Program Files\MiKTeX\tex/generic/pgfplots/sys\pgfplotssysgeneric.code.tex"
)) ("C:\Program Files\MiKTeX\tex/generic/pgfplots/libs\pgfplotslibrary.code.tex
")
("C:\Program Files\MiKTeX\tex/generic/pgfplots/oldpgfcompatib\pgfplotsoldpgfsup
p_loader.code.tex"
("C:\Program Files\MiKTeX\tex/generic/pgf/libraries\pgflibraryfpu.code.tex"))
("C:\Program Files\MiKTeX\tex/generic/pgfplots/util\pgfplotsutil.code.tex"
("C:\Program Files\MiKTeX\tex/generic/pgfplots/liststructure\pgfplotsliststruct
ure.code.tex")
("C:\Program Files\MiKTeX\tex/generic/pgfplots/liststructure\pgfplotsliststruct
ureext.code.tex")
("C:\Program Files\MiKTeX\tex/generic/pgfplots/liststructure\pgfplotsarray.code
.tex"
\c@pgfplotsarray@tmp=\count268
)
("C:\Program Files\MiKTeX\tex/generic/pgfplots/liststructure\pgfplotsmatrix.cod
e.tex")
("C:\Program Files\MiKTeX\tex/generic/pgfplots/numtable\pgfplotstableshared.cod
e.tex"
\c@pgfplotstable@counta=\count269
\t@pgfplotstable@a=\toks31
)
("C:\Program Files\MiKTeX\tex/generic/pgfplots/liststructure\pgfplotsdeque.code
.tex")
("C:\Program Files\MiKTeX\tex/generic/pgfplots/util\pgfplotsbinary.code.tex"
("C:\Program Files\MiKTeX\tex/generic/pgfplots/util\pgfplotsbinary.data.code.te
x"))
("C:\Program Files\MiKTeX\tex/generic/pgfplots/util\pgfplotsutil.verb.code.tex"
)
("C:\Program Files\MiKTeX\tex/generic/pgfplots/libs\pgflibrarypgfplots.surfshad
ing.code.tex"
\c@pgfplotslibrarysurf@no=\count270

("C:\Program Files\MiKTeX\tex/generic/pgfplots/sys\pgflibrarypgfplots.surfshadi
ng.pgfsys-pdftex.def")))
("C:\Program Files\MiKTeX\tex/generic/pgfplots/util\pgfplotscolormap.code.tex"
("C:\Program Files\MiKTeX\tex/generic/pgfplots/util\pgfplotscolor.code.tex"))
("C:\Program Files\MiKTeX\tex/generic/pgfplots\pgfplotsstackedplots.code.tex")
("C:\Program Files\MiKTeX\tex/generic/pgfplots\pgfplotsplothandlers.code.tex"
("C:\Program Files\MiKTeX\tex/generic/pgfplots\pgfplotsmeshplothandler.code.tex
" ("C:\Program Files\MiKTeX\tex/generic/pgfplots\pgfplotsmeshplotimage.code.tex
"))) ("C:\Program Files\MiKTeX\tex/generic/pgfplots\pgfplots.scaling.code.tex")
("C:\Program Files\MiKTeX\tex/generic/pgfplots\pgfplotscoordprocessing.code.tex
") ("C:\Program Files\MiKTeX\tex/generic/pgfplots\pgfplots.errorbars.code.tex")
("C:\Program Files\MiKTeX\tex/generic/pgfplots\pgfplots.markers.code.tex")
("C:\Program Files\MiKTeX\tex/generic/pgfplots\pgfplotsticks.code.tex")
("C:\Program Files\MiKTeX\tex/generic/pgfplots\pgfplots.paths.code.tex")
("C:\Program Files\MiKTeX\tex/generic/pgf/frontendlayer/tikz/libraries\tikzlibr
arydecorations.code.tex"
("C:\Program Files\MiKTeX\tex/generic/pgf/modules\pgfmoduledecorations.code.tex
"
\pgfdecoratedcompleteddistance=\dimen257
\pgfdecoratedremainingdistance=\dimen258
\pgfdecoratedinputsegmentcompleteddistance=\dimen259
\pgfdecoratedinputsegmentremainingdistance=\dimen260
\pgf@decorate@distancetomove=\dimen261
\pgf@decorate@repeatstate=\count271
\pgfdecorationsegmentamplitude=\dimen262
\pgfdecorationsegmentlength=\dimen263
)
\tikz@lib@dec@box=\box56
)
("C:\Program Files\MiKTeX\tex/generic/pgf/frontendlayer/tikz/libraries\tikzlibr
arydecorations.pathmorphing.code.tex"
("C:\Program Files\MiKTeX\tex/generic/pgf/libraries/decorations\pgflibrarydecor
ations.pathmorphing.code.tex"))
("C:\Program Files\MiKTeX\tex/generic/pgf/frontendlayer/tikz/libraries\tikzlibr
arydecorations.pathreplacing.code.tex"
("C:\Program Files\MiKTeX\tex/generic/pgf/libraries/decorations\pgflibrarydecor
ations.pathreplacing.code.tex"))
\pgfplots@numplots=\count272
\pgfplots@xmin@reg=\dimen264
\pgfplots@xmax@reg=\dimen265
\pgfplots@ymin@reg=\dimen266
\pgfplots@ymax@reg=\dimen267
\pgfplots@zmin@reg=\dimen268
\pgfplots@zmax@reg=\dimen269
)
("C:\Program Files\MiKTeX\tex/generic/pgf/frontendlayer/tikz/libraries\tikzlibr
aryplotmarks.code.tex"
File: tikzlibraryplotmarks.code.tex 2020/01/08 v3.1.5b (3.1.5b)

("C:\Program Files\MiKTeX\tex/generic/pgf/libraries\pgflibraryplotmarks.code.te
x"
File: pgflibraryplotmarks.code.tex 2020/01/08 v3.1.5b (3.1.5b)
)))
("C:\Program Files\MiKTeX\tex/generic/pgfplots/numtable\pgfplotstable.code.tex"

("C:\Program Files\MiKTeX\tex/generic/pgfplots/numtable\pgfplotstable.coltype.c
ode.tex")) ("C:\Program Files\MiKTeX\tex/latex/tools\array.sty"
Package: array 2019/08/31 v2.4l Tabular extension package (FMi)
\col@sep=\dimen270
\ar@mcellbox=\box57
\extrarowheight=\dimen271
\NC@list=\toks32
\extratabsurround=\skip49
\backup@length=\skip50
\ar@cellbox=\box58
))
("C:\Program Files\MiKTeX\tex/latex/l3backend\l3backend-pdfmode.def"
File: l3backend-pdfmode.def 2020-06-29 L3 backend support: PDF mode
\l__kernel_color_stack_int=\count273
\l__pdf_internal_box=\box59
)
("class practice II wk6.aux")
\openout1 = `"class practice II wk6.aux"'.

LaTeX Font Info:    Checking defaults for OML/cmm/m/it on input line 4.
LaTeX Font Info:    ... okay on input line 4.
LaTeX Font Info:    Checking defaults for OMS/cmsy/m/n on input line 4.
LaTeX Font Info:    ... okay on input line 4.
LaTeX Font Info:    Checking defaults for OT1/cmr/m/n on input line 4.
LaTeX Font Info:    ... okay on input line 4.
LaTeX Font Info:    Checking defaults for T1/cmr/m/n on input line 4.
LaTeX Font Info:    ... okay on input line 4.
LaTeX Font Info:    Checking defaults for TS1/cmr/m/n on input line 4.
LaTeX Font Info:    ... okay on input line 4.
LaTeX Font Info:    Checking defaults for OMX/cmex/m/n on input line 4.
LaTeX Font Info:    ... okay on input line 4.
LaTeX Font Info:    Checking defaults for U/cmr/m/n on input line 4.
LaTeX Font Info:    ... okay on input line 4.

("C:\Program Files\MiKTeX\tex/context/base/mkii\supp-pdf.mkii"
[Loading MPS to PDF converter (version 2006.09.02).]
\scratchcounter=\count274
\scratchdimen=\dimen272
\scratchbox=\box60
\nofMPsegments=\count275
\nofMParguments=\count276
\everyMPshowfont=\toks33
\MPscratchCnt=\count277
\MPscratchDim=\dimen273
\MPnumerator=\count278
\makeMPintoPDFobject=\count279
\everyMPtoPDFconversion=\toks34
) ("C:\Program Files\MiKTeX\tex/latex/epstopdf-pkg\epstopdf-base.sty"
Package: epstopdf-base 2020-01-24 v2.11 Base part for package epstopdf
Package epstopdf-base Info: Redefining graphics rule for `.eps' on input line 4
85.
)
ABD: EveryShipout initializing macros

Package pgfplots Warning: running in backwards compatibility mode (unsuitable t
ick labels; missing features). Consider writing \pgfplotsset{compat=1.17} into 
your preamble.
 on input line 4.

PGFPlots: reading {artists.csv}

! Package pgfplots Error: Table 'artists.csv' appears to have too many columns 
in line 1: Ignoring 'Modigliani,1884'. PGFPlots found that the number of column
s is larger than the previously determined number of columns. Please verify tha
t every cell entry is separated correctly (use braces {<cell entry>} if necessa
ry. Also verify that column names are plain ASCII.). This error is not critical
.

See the pgfplots package documentation for explanation.
Type  H <return>  for immediate help.
 ...                                              
                                                  
l.34         ]{artists.csv}
                           
This error message was generated by an \errmessage
command, so I can't give any explicit help.
Pretend that you're Hercule Poirot: Examine all clues,
and deduce the truth by order and method.


! Package pgfplots Error: Table 'artists.csv' appears to have too many columns 
in line 1: Ignoring '-'. PGFPlots found that the number of columns is larger th
an the previously determined number of columns. Please verify that every cell e
ntry is separated correctly (use braces {<cell entry>} if necessary. Also verif
y that column names are plain ASCII.). This error is not critical.

See the pgfplots package documentation for explanation.
Type  H <return>  for immediate help.
 ...                                              
                                                  
l.34         ]{artists.csv}
                           
(That was another \errmessage.)


! Package pgfplots Error: Table 'artists.csv' appears to have too many columns 
in line 1: Ignoring '1920,Expressionism,Italian,193'. PGFPlots found that the n
umber of columns is larger than the previously determined number of columns. Pl
ease verify that every cell entry is separated correctly (use braces {<cell ent
ry>} if necessary. Also verify that column names are plain ASCII.). This error 
is not critical.

See the pgfplots package documentation for explanation.
Type  H <return>  for immediate help.
 ...                                              
                                                  
l.34         ]{artists.csv}
                           
(That was another \errmessage.)


! Package pgfplots Error: Table 'artists.csv' appears to have too many columns 
in line 2: Ignoring 'Kandinskiy,1866'. PGFPlots found that the number of column
s is larger than the previously determined number of columns. Please verify tha
t every cell entry is separated correctly (use braces {<cell entry>} if necessa
ry. Also verify that column names are plain ASCII.). This error is not critical
.

See the pgfplots package documentation for explanation.
Type  H <return>  for immediate help.
 ...                                              
                                                  
l.34         ]{artists.csv}
                           
(That was another \errmessage.)


! Package pgfplots Error: Table 'artists.csv' appears to have too many columns 
in line 2: Ignoring '-'. PGFPlots found that the number of columns is larger th
an the previously determined number of columns. Please verify that every cell e
ntry is separated correctly (use braces {<cell entry>} if necessary. Also verif
y that column names are plain ASCII.). This error is not critical.

See the pgfplots package documentation for explanation.
Type  H <return>  for immediate help.
 ...                                              
                                                  
l.34         ]{artists.csv}
                           
(That was another \errmessage.)


! Package pgfplots Error: Table 'artists.csv' appears to have too many columns 
in line 2: Ignoring '1944,Abstractionism,Russian,88'. PGFPlots found that the n
umber of columns is larger than the previously determined number of columns. Pl
ease verify that every cell entry is separated correctly (use braces {<cell ent
ry>} if necessary. Also verify that column names are plain ASCII.). This error 
is not critical.

See the pgfplots package documentation for explanation.
Type  H <return>  for immediate help.
 ...                                              
                                                  
l.34         ]{artists.csv}
                           
(That was another \errmessage.)


! Package pgfplots Error: Table 'artists.csv' appears to have too many columns 
in line 3: Ignoring 'Rivera,1886'. PGFPlots found that the number of columns is
 larger than the previously determined number of columns. Please verify that ev
ery cell entry is separated correctly (use braces {<cell entry>} if necessary. 
Also verify that column names are plain ASCII.). This error is not critical.

See the pgfplots package documentation for explanation.
Type  H <return>  for immediate help.
 ...                                              
                                                  
l.34         ]{artists.csv}
                           
(That was another \errmessage.)


! Package pgfplots Error: Table 'artists.csv' appears to have too many columns 
in line 3: Ignoring '-'. PGFPlots found that the number of columns is larger th
an the previously determined number of columns. Please verify that every cell e
ntry is separated correctly (use braces {<cell entry>} if necessary. Also verif
y that column names are plain ASCII.). This error is not critical.

See the pgfplots package documentation for explanation.
Type  H <return>  for immediate help.
 ...                                              
                                                  
l.34         ]{artists.csv}
                           
(That was another \errmessage.)


! Package pgfplots Error: Table 'artists.csv' appears to have too many columns 
in line 3: Ignoring '1957,Social'. PGFPlots found that the number of columns is
 larger than the previously determined number of columns. Please verify that ev
ery cell entry is separated correctly (use braces {<cell entry>} if necessary. 
Also verify that column names are plain ASCII.). This error is not critical.

See the pgfplots package documentation for explanation.
Type  H <return>  for immediate help.
 ...                                              
                                                  
l.34         ]{artists.csv}
                           
(That was another \errmessage.)


! Package pgfplots Error: Table 'artists.csv' appears to have too many columns 
in line 3: Ignoring 'Realism,Mexican,70'. PGFPlots found that the number of col
umns is larger than the previously determined number of columns. Please verify 
that every cell entry is separated correctly (use braces {<cell entry>} if nece
ssary. Also verify that column names are plain ASCII.). This error is not criti
cal.

See the pgfplots package documentation for explanation.
Type  H <return>  for immediate help.
 ...                                              
                                                  
l.34         ]{artists.csv}
                           
(That was another \errmessage.)


! Package pgfplots Error: Table 'artists.csv' appears to have too many columns 
in line 4: Ignoring 'Monet,1840'. PGFPlots found that the number of columns is 
larger than the previously determined number of columns. Please verify that eve
ry cell entry is separated correctly (use braces {<cell entry>} if necessary. A
lso verify that column names are plain ASCII.). This error is not critical.

See the pgfplots package documentation for explanation.
Type  H <return>  for immediate help.
 ...                                              
                                                  
l.34         ]{artists.csv}
                           
(That was another \errmessage.)


! Package pgfplots Error: Table 'artists.csv' appears to have too many columns 
in line 4: Ignoring '-'. PGFPlots found that the number of columns is larger th
an the previously determined number of columns. Please verify that every cell e
ntry is separated correctly (use braces {<cell entry>} if necessary. Also verif
y that column names are plain ASCII.). This error is not critical.

See the pgfplots package documentation for explanation.
Type  H <return>  for immediate help.
 ...                                              
                                                  
l.34         ]{artists.csv}
                           
(That was another \errmessage.)


! Package pgfplots Error: Table 'artists.csv' appears to have too many columns 
in line 4: Ignoring '1926,Impressionism,French,73'. PGFPlots found that the num
ber of columns is larger than the previously determined number of columns. Plea
se verify that every cell entry is separated correctly (use braces {<cell entry
>} if necessary. Also verify that column names are plain ASCII.). This error is
 not critical.

See the pgfplots package documentation for explanation.
Type  H <return>  for immediate help.
 ...                                              
                                                  
l.34         ]{artists.csv}
                           
(That was another \errmessage.)


! Package pgfplots Error: Table 'artists.csv' appears to have too many columns 
in line 5: Ignoring 'Magritte,1898'. PGFPlots found that the number of columns 
is larger than the previously determined number of columns. Please verify that 
every cell entry is separated correctly (use braces {<cell entry>} if necessary
. Also verify that column names are plain ASCII.). This error is not critical.

See the pgfplots package documentation for explanation.
Type  H <return>  for immediate help.
 ...                                              
                                                  
l.34         ]{artists.csv}
                           
(That was another \errmessage.)


! Package pgfplots Error: Table 'artists.csv' appears to have too many columns 
in line 5: Ignoring '-'. PGFPlots found that the number of columns is larger th
an the previously determined number of columns. Please verify that every cell e
ntry is separated correctly (use braces {<cell entry>} if necessary. Also verif
y that column names are plain ASCII.). This error is not critical.

See the pgfplots package documentation for explanation.
Type  H <return>  for immediate help.
 ...                                              
                                                  
l.34         ]{artists.csv}
                           
(That was another \errmessage.)


! Package pgfplots Error: Table 'artists.csv' appears to have too many columns 
in line 5: Ignoring '1967,Impressionism,Belgian,194'. PGFPlots found that the n
umber of columns is larger than the previously determined number of columns. Pl
ease verify that every cell entry is separated correctly (use braces {<cell ent
ry>} if necessary. Also verify that column names are plain ASCII.). This error 
is not critical.

See the pgfplots package documentation for explanation.
Type  H <return>  for immediate help.
 ...                                              
                                                  
l.34         ]{artists.csv}
                           
(That was another \errmessage.)


! Package pgfplots Error: Table 'artists.csv' appears to have too many columns 
in line 6: Ignoring 'Dali,1904'. PGFPlots found that the number of columns is l
arger than the previously determined number of columns. Please verify that ever
y cell entry is separated correctly (use braces {<cell entry>} if necessary. Al
so verify that column names are plain ASCII.). This error is not critical.

See the pgfplots package documentation for explanation.
Type  H <return>  for immediate help.
 ...                                              
                                                  
l.34         ]{artists.csv}
                           
(That was another \errmessage.)


! Package pgfplots Error: Table 'artists.csv' appears to have too many columns 
in line 6: Ignoring '-'. PGFPlots found that the number of columns is larger th
an the previously determined number of columns. Please verify that every cell e
ntry is separated correctly (use braces {<cell entry>} if necessary. Also verif
y that column names are plain ASCII.). This error is not critical.

See the pgfplots package documentation for explanation.
Type  H <return>  for immediate help.
 ...                                              
                                                  
l.34         ]{artists.csv}
                           
(That was another \errmessage.)


! Package pgfplots Error: Table 'artists.csv' appears to have too many columns 
in line 6: Ignoring '1989,Surrealism,Spanish,139'. PGFPlots found that the numb
er of columns is larger than the previously determined number of columns. Pleas
e verify that every cell entry is separated correctly (use braces {<cell entry>
} if necessary. Also verify that column names are plain ASCII.). This error is 
not critical.

See the pgfplots package documentation for explanation.
Type  H <return>  for immediate help.
 ...                                              
                                                  
l.34         ]{artists.csv}
                           
(That was another \errmessage.)


! Package pgfplots Error: Table 'artists.csv' appears to have too many columns 
in line 7: Ignoring 'Manet,1832'. PGFPlots found that the number of columns is 
larger than the previously determined number of columns. Please verify that eve
ry cell entry is separated correctly (use braces {<cell entry>} if necessary. A
lso verify that column names are plain ASCII.). This error is not critical.

See the pgfplots package documentation for explanation.
Type  H <return>  for immediate help.
 ...                                              
                                                  
l.34         ]{artists.csv}
                           
(That was another \errmessage.)


! Package pgfplots Error: Table 'artists.csv' appears to have too many columns 
in line 7: Ignoring '-'. PGFPlots found that the number of columns is larger th
an the previously determined number of columns. Please verify that every cell e
ntry is separated correctly (use braces {<cell entry>} if necessary. Also verif
y that column names are plain ASCII.). This error is not critical.

See the pgfplots package documentation for explanation.
Type  H <return>  for immediate help.
 ...                                              
                                                  
l.34         ]{artists.csv}
                           
(That was another \errmessage.)


! Package pgfplots Error: Table 'artists.csv' appears to have too many columns 
in line 7: Ignoring '1883,Realism,French,90'. PGFPlots found that the number of
 columns is larger than the previously determined number of columns. Please ver
ify that every cell entry is separated correctly (use braces {<cell entry>} if 
necessary. Also verify that column names are plain ASCII.). This error is not c
ritical.

See the pgfplots package documentation for explanation.
Type  H <return>  for immediate help.
 ...                                              
                                                  
l.34         ]{artists.csv}
                           
(That was another \errmessage.)


! Package pgfplots Error: Table 'artists.csv' appears to have too many columns 
in line 8: Ignoring 'Rublev,1360'. PGFPlots found that the number of columns is
 larger than the previously determined number of columns. Please verify that ev
ery cell entry is separated correctly (use braces {<cell entry>} if necessary. 
Also verify that column names are plain ASCII.). This error is not critical.

See the pgfplots package documentation for explanation.
Type  H <return>  for immediate help.
 ...                                              
                                                  
l.34         ]{artists.csv}
                           
(That was another \errmessage.)


! Package pgfplots Error: Table 'artists.csv' appears to have too many columns 
in line 8: Ignoring '-'. PGFPlots found that the number of columns is larger th
an the previously determined number of columns. Please verify that every cell e
ntry is separated correctly (use braces {<cell entry>} if necessary. Also verif
y that column names are plain ASCII.). This error is not critical.

See the pgfplots package documentation for explanation.
Type  H <return>  for immediate help.
 ...                                              
                                                  
l.34         ]{artists.csv}
                           
(That was another \errmessage.)


! Package pgfplots Error: Table 'artists.csv' appears to have too many columns 
in line 8: Ignoring '1430,Byzantine'. PGFPlots found that the number of columns
 is larger than the previously determined number of columns. Please verify that
 every cell entry is separated correctly (use braces {<cell entry>} if necessar
y. Also verify that column names are plain ASCII.). This error is not critical.


See the pgfplots package documentation for explanation.
Type  H <return>  for immediate help.
 ...                                              
                                                  
l.34         ]{artists.csv}
                           
(That was another \errmessage.)


! Package pgfplots Error: Table 'artists.csv' appears to have too many columns 
in line 8: Ignoring 'Art,Russian,99'. PGFPlots found that the number of columns
 is larger than the previously determined number of columns. Please verify that
 every cell entry is separated correctly (use braces {<cell entry>} if necessar
y. Also verify that column names are plain ASCII.). This error is not critical.


See the pgfplots package documentation for explanation.
Type  H <return>  for immediate help.
 ...                                              
                                                  
l.34         ]{artists.csv}
                           
(That was another \errmessage.)


! Package pgfplots Error: Table 'artists.csv' appears to have too many columns 
in line 9: Ignoring 'van'. PGFPlots found that the number of columns is larger 
than the previously determined number of columns. Please verify that every cell
 entry is separated correctly (use braces {<cell entry>} if necessary. Also ver
ify that column names are plain ASCII.). This error is not critical.

See the pgfplots package documentation for explanation.
Type  H <return>  for immediate help.
 ...                                              
                                                  
l.34         ]{artists.csv}
                           
(That was another \errmessage.)


! Package pgfplots Error: Table 'artists.csv' appears to have too many columns 
in line 9: Ignoring 'Gogh,1853'. PGFPlots found that the number of columns is l
arger than the previously determined number of columns. Please verify that ever
y cell entry is separated correctly (use braces {<cell entry>} if necessary. Al
so verify that column names are plain ASCII.). This error is not critical.

See the pgfplots package documentation for explanation.
Type  H <return>  for immediate help.
 ...                                              
                                                  
l.34         ]{artists.csv}
                           
(That was another \errmessage.)


! Package pgfplots Error: Table 'artists.csv' appears to have too many columns 
in line 9: Ignoring '-'. PGFPlots found that the number of columns is larger th
an the previously determined number of columns. Please verify that every cell e
ntry is separated correctly (use braces {<cell entry>} if necessary. Also verif
y that column names are plain ASCII.). This error is not critical.

See the pgfplots package documentation for explanation.
Type  H <return>  for immediate help.
 ...                                              
                                                  
l.34         ]{artists.csv}
                           
(That was another \errmessage.)


! Package pgfplots Error: Table 'artists.csv' appears to have too many columns 
in line 9: Ignoring '1890,Post-Impressionism,Dutch,877'. PGFPlots found that th
e number of columns is larger than the previously determined number of columns.
 Please verify that every cell entry is separated correctly (use braces {<cell 
entry>} if necessary. Also verify that column names are plain ASCII.). This err
or is not critical.

See the pgfplots package documentation for explanation.
Type  H <return>  for immediate help.
 ...                                              
                                                  
l.34         ]{artists.csv}
                           
(That was another \errmessage.)


! Package pgfplots Error: Table 'artists.csv' appears to have too many columns 
in line 10: Ignoring 'Klimt,1862'. PGFPlots found that the number of columns is
 larger than the previously determined number of columns. Please verify that ev
ery cell entry is separated correctly (use braces {<cell entry>} if necessary. 
Also verify that column names are plain ASCII.). This error is not critical.

See the pgfplots package documentation for explanation.
Type  H <return>  for immediate help.
 ...                                              
                                                  
l.34         ]{artists.csv}
                           
(That was another \errmessage.)


! Package pgfplots Error: Table 'artists.csv' appears to have too many columns 
in line 10: Ignoring '-'. PGFPlots found that the number of columns is larger t
han the previously determined number of columns. Please verify that every cell 
entry is separated correctly (use braces {<cell entry>} if necessary. Also veri
fy that column names are plain ASCII.). This error is not critical.

See the pgfplots package documentation for explanation.
Type  H <return>  for immediate help.
 ...                                              
                                                  
l.34         ]{artists.csv}
                           
(That was another \errmessage.)


! Package pgfplots Error: Table 'artists.csv' appears to have too many columns 
in line 10: Ignoring '1918,Symbolism'. PGFPlots found that the number of column
s is larger than the previously determined number of columns. Please verify tha
t every cell entry is separated correctly (use braces {<cell entry>} if necessa
ry. Also verify that column names are plain ASCII.). This error is not critical
.

See the pgfplots package documentation for explanation.
Type  H <return>  for immediate help.
 ...                                              
                                                  
l.34         ]{artists.csv}
                           
(That was another \errmessage.)


! Package pgfplots Error: Table 'artists.csv' appears to have too many columns 
in line 10: Ignoring 'Art'. PGFPlots found that the number of columns is larger
 than the previously determined number of columns. Please verify that every cel
l entry is separated correctly (use braces {<cell entry>} if necessary. Also ve
rify that column names are plain ASCII.). This error is not critical.

See the pgfplots package documentation for explanation.
Type  H <return>  for immediate help.
 ...                                              
                                                  
l.34         ]{artists.csv}
                           
(That was another \errmessage.)


! Package pgfplots Error: Table 'artists.csv' appears to have too many columns 
in line 10: Ignoring 'Nouveau,Austrian,117'. PGFPlots found that the number of 
columns is larger than the previously determined number of columns. Please veri
fy that every cell entry is separated correctly (use braces {<cell entry>} if n
ecessary. Also verify that column names are plain ASCII.). This error is not cr
itical.

See the pgfplots package documentation for explanation.
Type  H <return>  for immediate help.
 ...                                              
                                                  
l.34         ]{artists.csv}
                           
(That was another \errmessage.)


! Package pgfplots Error: Table 'artists.csv' appears to have too many columns 
in line 11: Ignoring 'Bosch,1450'. PGFPlots found that the number of columns is
 larger than the previously determined number of columns. Please verify that ev
ery cell entry is separated correctly (use braces {<cell entry>} if necessary. 
Also verify that column names are plain ASCII.). This error is not critical.

See the pgfplots package documentation for explanation.
Type  H <return>  for immediate help.
 ...                                              
                                                  
l.34         ]{artists.csv}
                           
(That was another \errmessage.)


! Package pgfplots Error: Table 'artists.csv' appears to have too many columns 
in line 11: Ignoring '-'. PGFPlots found that the number of columns is larger t
han the previously determined number of columns. Please verify that every cell 
entry is separated correctly (use braces {<cell entry>} if necessary. Also veri
fy that column names are plain ASCII.). This error is not critical.

See the pgfplots package documentation for explanation.
Type  H <return>  for immediate help.
 ...                                              
                                                  
l.34         ]{artists.csv}
                           
(That was another \errmessage.)


! Package pgfplots Error: Table 'artists.csv' appears to have too many columns 
in line 11: Ignoring '1516,Northern'. PGFPlots found that the number of columns
 is larger than the previously determined number of columns. Please verify that
 every cell entry is separated correctly (use braces {<cell entry>} if necessar
y. Also verify that column names are plain ASCII.). This error is not critical.


See the pgfplots package documentation for explanation.
Type  H <return>  for immediate help.
 ...                                              
                                                  
l.34         ]{artists.csv}
                           
(That was another \errmessage.)


! Package pgfplots Error: Table 'artists.csv' appears to have too many columns 
in line 11: Ignoring 'Renaissance,Dutch,137'. PGFPlots found that the number of
 columns is larger than the previously determined number of columns. Please ver
ify that every cell entry is separated correctly (use braces {<cell entry>} if 
necessary. Also verify that column names are plain ASCII.). This error is not c
ritical.

See the pgfplots package documentation for explanation.
Type  H <return>  for immediate help.
 ...                                              
                                                  
l.34         ]{artists.csv}
                           
(That was another \errmessage.)


! Package pgfplots Error: Table 'artists.csv' appears to have too many columns 
in line 12: Ignoring 'Malevich,1879'. PGFPlots found that the number of columns
 is larger than the previously determined number of columns. Please verify that
 every cell entry is separated correctly (use braces {<cell entry>} if necessar
y. Also verify that column names are plain ASCII.). This error is not critical.


See the pgfplots package documentation for explanation.
Type  H <return>  for immediate help.
 ...                                              
                                                  
l.34         ]{artists.csv}
                           
(That was another \errmessage.)


! Package pgfplots Error: Table 'artists.csv' appears to have too many columns 
in line 12: Ignoring '-'. PGFPlots found that the number of columns is larger t
han the previously determined number of columns. Please verify that every cell 
entry is separated correctly (use braces {<cell entry>} if necessary. Also veri
fy that column names are plain ASCII.). This error is not critical.

See the pgfplots package documentation for explanation.
Type  H <return>  for immediate help.
 ...                                              
                                                  
l.34         ]{artists.csv}
                           
(That was another \errmessage.)


! Package pgfplots Error: Table 'artists.csv' appears to have too many columns 
in line 12: Ignoring '1935,Suprematism,Russian,126'. PGFPlots found that the nu
mber of columns is larger than the previously determined number of columns. Ple
ase verify that every cell entry is separated correctly (use braces {<cell entr
y>} if necessary. Also verify that column names are plain ASCII.). This error i
s not critical.

See the pgfplots package documentation for explanation.
Type  H <return>  for immediate help.
 ...                                              
                                                  
l.34         ]{artists.csv}
                           
(That was another \errmessage.)


! Package pgfplots Error: Table 'artists.csv' appears to have too many columns 
in line 13: Ignoring 'Vrubel,1856'. PGFPlots found that the number of columns i
s larger than the previously determined number of columns. Please verify that e
very cell entry is separated correctly (use braces {<cell entry>} if necessary.
 Also verify that column names are plain ASCII.). This error is not critical.

See the pgfplots package documentation for explanation.
Type  H <return>  for immediate help.
 ...                                              
                                                  
l.34         ]{artists.csv}
                           
(That was another \errmessage.)


! Package pgfplots Error: Table 'artists.csv' appears to have too many columns 
in line 13: Ignoring '-'. PGFPlots found that the number of columns is larger t
han the previously determined number of columns. Please verify that every cell 
entry is separated correctly (use braces {<cell entry>} if necessary. Also veri
fy that column names are plain ASCII.). This error is not critical.

See the pgfplots package documentation for explanation.
Type  H <return>  for immediate help.
 ...                                              
                                                  
l.34         ]{artists.csv}
                           
(That was another \errmessage.)


! Package pgfplots Error: Table 'artists.csv' appears to have too many columns 
in line 13: Ignoring '1910,Symbolism,Russian,171'. PGFPlots found that the numb
er of columns is larger than the previously determined number of columns. Pleas
e verify that every cell entry is separated correctly (use braces {<cell entry>
} if necessary. Also verify that column names are plain ASCII.). This error is 
not critical.

See the pgfplots package documentation for explanation.
Type  H <return>  for immediate help.
 ...                                              
                                                  
l.34         ]{artists.csv}
                           
(That was another \errmessage.)


! Package pgfplots Error: Table 'artists.csv' appears to have too many columns 
in line 14: Ignoring 'Picasso,1881'. PGFPlots found that the number of columns 
is larger than the previously determined number of columns. Please verify that 
every cell entry is separated correctly (use braces {<cell entry>} if necessary
. Also verify that column names are plain ASCII.). This error is not critical.

See the pgfplots package documentation for explanation.
Type  H <return>  for immediate help.
 ...                                              
                                                  
l.34         ]{artists.csv}
                           
(That was another \errmessage.)


! Package pgfplots Error: Table 'artists.csv' appears to have too many columns 
in line 14: Ignoring '-'. PGFPlots found that the number of columns is larger t
han the previously determined number of columns. Please verify that every cell 
entry is separated correctly (use braces {<cell entry>} if necessary. Also veri
fy that column names are plain ASCII.). This error is not critical.

See the pgfplots package documentation for explanation.
Type  H <return>  for immediate help.
 ...                                              
                                                  
l.34         ]{artists.csv}
                           
(That was another \errmessage.)


! Package pgfplots Error: Table 'artists.csv' appears to have too many columns 
in line 14: Ignoring '1973,Cubism,Spanish,439'. PGFPlots found that the number 
of columns is larger than the previously determined number of columns. Please v
erify that every cell entry is separated correctly (use braces {<cell entry>} i
f necessary. Also verify that column names are plain ASCII.). This error is not
 critical.

See the pgfplots package documentation for explanation.
Type  H <return>  for immediate help.
 ...                                              
                                                  
l.34         ]{artists.csv}
                           
(That was another \errmessage.)


! Package pgfplots Error: Table 'artists.csv' appears to have too many columns 
in line 15: Ignoring 'Paul'. PGFPlots found that the number of columns is large
r than the previously determined number of columns. Please verify that every ce
ll entry is separated correctly (use braces {<cell entry>} if necessary. Also v
erify that column names are plain ASCII.). This error is not critical.

See the pgfplots package documentation for explanation.
Type  H <return>  for immediate help.
 ...                                              
                                                  
l.34         ]{artists.csv}
                           
(That was another \errmessage.)


! Package pgfplots Error: Table 'artists.csv' appears to have too many columns 
in line 15: Ignoring 'Rubens,1577'. PGFPlots found that the number of columns i
s larger than the previously determined number of columns. Please verify that e
very cell entry is separated correctly (use braces {<cell entry>} if necessary.
 Also verify that column names are plain ASCII.). This error is not critical.

See the pgfplots package documentation for explanation.
Type  H <return>  for immediate help.
 ...                                              
                                                  
l.34         ]{artists.csv}
                           
(That was another \errmessage.)


! Package pgfplots Error: Table 'artists.csv' appears to have too many columns 
in line 15: Ignoring '-'. PGFPlots found that the number of columns is larger t
han the previously determined number of columns. Please verify that every cell 
entry is separated correctly (use braces {<cell entry>} if necessary. Also veri
fy that column names are plain ASCII.). This error is not critical.

See the pgfplots package documentation for explanation.
Type  H <return>  for immediate help.
 ...                                              
                                                  
l.34         ]{artists.csv}
                           
(That was another \errmessage.)


! Package pgfplots Error: Table 'artists.csv' appears to have too many columns 
in line 15: Ignoring '1640,Baroque,Flemish,141'. PGFPlots found that the number
 of columns is larger than the previously determined number of columns. Please 
verify that every cell entry is separated correctly (use braces {<cell entry>} 
if necessary. Also verify that column names are plain ASCII.). This error is no
t critical.

See the pgfplots package documentation for explanation.
Type  H <return>  for immediate help.
 ...                                              
                                                  
l.34         ]{artists.csv}
                           
(That was another \errmessage.)


! Package pgfplots Error: Table 'artists.csv' appears to have too many columns 
in line 16: Ignoring 'Renoir,1841'. PGFPlots found that the number of columns i
s larger than the previously determined number of columns. Please verify that e
very cell entry is separated correctly (use braces {<cell entry>} if necessary.
 Also verify that column names are plain ASCII.). This error is not critical.

See the pgfplots package documentation for explanation.
Type  H <return>  for immediate help.
 ...                                              
                                                  
l.34         ]{artists.csv}
                           
(That was another \errmessage.)


! Package pgfplots Error: Table 'artists.csv' appears to have too many columns 
in line 16: Ignoring '-'. PGFPlots found that the number of columns is larger t
han the previously determined number of columns. Please verify that every cell 
entry is separated correctly (use braces {<cell entry>} if necessary. Also veri
fy that column names are plain ASCII.). This error is not critical.

See the pgfplots package documentation for explanation.
Type  H <return>  for immediate help.
 ...                                              
                                                  
l.34         ]{artists.csv}
                           
(That was another \errmessage.)


! Package pgfplots Error: Table 'artists.csv' appears to have too many columns 
in line 16: Ignoring '1919,Impressionism,French,336'. PGFPlots found that the n
umber of columns is larger than the previously determined number of columns. Pl
ease verify that every cell entry is separated correctly (use braces {<cell ent
ry>} if necessary. Also verify that column names are plain ASCII.). This error 
is not critical.

See the pgfplots package documentation for explanation.
Type  H <return>  for immediate help.
 ...                                              
                                                  
l.34         ]{artists.csv}
                           
(That was another \errmessage.)


! Package pgfplots Error: Table 'artists.csv' appears to have too many columns 
in line 17: Ignoring 'Goya,1746'. PGFPlots found that the number of columns is 
larger than the previously determined number of columns. Please verify that eve
ry cell entry is separated correctly (use braces {<cell entry>} if necessary. A
lso verify that column names are plain ASCII.). This error is not critical.

See the pgfplots package documentation for explanation.
Type  H <return>  for immediate help.
 ...                                              
                                                  
l.34         ]{artists.csv}
                           
(That was another \errmessage.)


! Package pgfplots Error: Table 'artists.csv' appears to have too many columns 
in line 17: Ignoring '-'. PGFPlots found that the number of columns is larger t
han the previously determined number of columns. Please verify that every cell 
entry is separated correctly (use braces {<cell entry>} if necessary. Also veri
fy that column names are plain ASCII.). This error is not critical.

See the pgfplots package documentation for explanation.
Type  H <return>  for immediate help.
 ...                                              
                                                  
l.34         ]{artists.csv}
                           
(That was another \errmessage.)


! Package pgfplots Error: Table 'artists.csv' appears to have too many columns 
in line 17: Ignoring '1828,Romanticism,Spanish,291'. PGFPlots found that the nu
mber of columns is larger than the previously determined number of columns. Ple
ase verify that every cell entry is separated correctly (use braces {<cell entr
y>} if necessary. Also verify that column names are plain ASCII.). This error i
s not critical.

See the pgfplots package documentation for explanation.
Type  H <return>  for immediate help.
 ...                                              
                                                  
l.34         ]{artists.csv}
                           
(That was another \errmessage.)


! Package pgfplots Error: Table 'artists.csv' appears to have too many columns 
in line 18: Ignoring 'Kahlo,1907'. PGFPlots found that the number of columns is
 larger than the previously determined number of columns. Please verify that ev
ery cell entry is separated correctly (use braces {<cell entry>} if necessary. 
Also verify that column names are plain ASCII.). This error is not critical.

See the pgfplots package documentation for explanation.
Type  H <return>  for immediate help.
 ...                                              
                                                  
l.34         ]{artists.csv}
                           
(That was another \errmessage.)


! Package pgfplots Error: Table 'artists.csv' appears to have too many columns 
in line 18: Ignoring '-'. PGFPlots found that the number of columns is larger t
han the previously determined number of columns. Please verify that every cell 
entry is separated correctly (use braces {<cell entry>} if necessary. Also veri
fy that column names are plain ASCII.). This error is not critical.

See the pgfplots package documentation for explanation.
Type  H <return>  for immediate help.
 ...                                              
                                                  
l.34         ]{artists.csv}
                           
(That was another \errmessage.)


! Package pgfplots Error: Table 'artists.csv' appears to have too many columns 
in line 18: Ignoring '1954,Primitivism,Mexican,120'. PGFPlots found that the nu
mber of columns is larger than the previously determined number of columns. Ple
ase verify that every cell entry is separated correctly (use braces {<cell entr
y>} if necessary. Also verify that column names are plain ASCII.). This error i
s not critical.

See the pgfplots package documentation for explanation.
Type  H <return>  for immediate help.
 ...                                              
                                                  
l.34         ]{artists.csv}
                           
(That was another \errmessage.)


! Package pgfplots Error: Table 'artists.csv' appears to have too many columns 
in line 19: Ignoring 'Greco,1541'. PGFPlots found that the number of columns is
 larger than the previously determined number of columns. Please verify that ev
ery cell entry is separated correctly (use braces {<cell entry>} if necessary. 
Also verify that column names are plain ASCII.). This error is not critical.

See the pgfplots package documentation for explanation.
Type  H <return>  for immediate help.
 ...                                              
                                                  
l.34         ]{artists.csv}
                           
(That was another \errmessage.)


! Package pgfplots Error: Table 'artists.csv' appears to have too many columns 
in line 19: Ignoring '-'. PGFPlots found that the number of columns is larger t
han the previously determined number of columns. Please verify that every cell 
entry is separated correctly (use braces {<cell entry>} if necessary. Also veri
fy that column names are plain ASCII.). This error is not critical.

See the pgfplots package documentation for explanation.
Type  H <return>  for immediate help.
 ...                                              
                                                  
l.34         ]{artists.csv}
                           
(That was another \errmessage.)


! Package pgfplots Error: Table 'artists.csv' appears to have too many columns 
in line 19: Ignoring '1614,Mannerism,Spanish,87'. PGFPlots found that the numbe
r of columns is larger than the previously determined number of columns. Please
 verify that every cell entry is separated correctly (use braces {<cell entry>}
 if necessary. Also verify that column names are plain ASCII.). This error is n
ot critical.

See the pgfplots package documentation for explanation.
Type  H <return>  for immediate help.
 ...                                              
                                                  
l.34         ]{artists.csv}
                           
(That was another \errmessage.)


! Package pgfplots Error: Table 'artists.csv' appears to have too many columns 
in line 20: Ignoring 'Drer,1471'. PGFPlots found that the number of columns i
s larger than the previously determined number of columns. Please verify that e
very cell entry is separated correctly (use braces {<cell entry>} if necessary.
 Also verify that column names are plain ASCII.). This error is not critical.

See the pgfplots package documentation for explanation.
Type  H <return>  for immediate help.
 ...                                              
                                                  
l.34         ]{artists.csv}
                           
(That was another \errmessage.)


! Package pgfplots Error: Table 'artists.csv' appears to have too many columns 
in line 20: Ignoring '-'. PGFPlots found that the number of columns is larger t
han the previously determined number of columns. Please verify that every cell 
entry is separated correctly (use braces {<cell entry>} if necessary. Also veri
fy that column names are plain ASCII.). This error is not critical.

See the pgfplots package documentation for explanation.
Type  H <return>  for immediate help.
 ...                                              
                                                  
l.34         ]{artists.csv}
                           
(That was another \errmessage.)


! Package pgfplots Error: Table 'artists.csv' appears to have too many columns 
in line 20: Ignoring '1528,Northern'. PGFPlots found that the number of columns
 is larger than the previously determined number of columns. Please verify that
 every cell entry is separated correctly (use braces {<cell entry>} if necessar
y. Also verify that column names are plain ASCII.). This error is not critical.


See the pgfplots package documentation for explanation.
Type  H <return>  for immediate help.
 ...                                              
                                                  
l.34         ]{artists.csv}
                           
(That was another \errmessage.)


! Package pgfplots Error: Table 'artists.csv' appears to have too many columns 
in line 20: Ignoring 'Renaissance,German,328'. PGFPlots found that the number o
f columns is larger than the previously determined number of columns. Please ve
rify that every cell entry is separated correctly (use braces {<cell entry>} if
 necessary. Also verify that column names are plain ASCII.). This error is not 
critical.

See the pgfplots package documentation for explanation.
Type  H <return>  for immediate help.
 ...                                              
                                                  
l.34         ]{artists.csv}
                           
(That was another \errmessage.)


! Package pgfplots Error: Table 'artists.csv' appears to have too many columns 
in line 21: Ignoring 'Sisley,1839'. PGFPlots found that the number of columns i
s larger than the previously determined number of columns. Please verify that e
very cell entry is separated correctly (use braces {<cell entry>} if necessary.
 Also verify that column names are plain ASCII.). This error is not critical.

See the pgfplots package documentation for explanation.
Type  H <return>  for immediate help.
 ...                                              
                                                  
l.34         ]{artists.csv}
                           
(That was another \errmessage.)


! Package pgfplots Error: Table 'artists.csv' appears to have too many columns 
in line 21: Ignoring '-'. PGFPlots found that the number of columns is larger t
han the previously determined number of columns. Please verify that every cell 
entry is separated correctly (use braces {<cell entry>} if necessary. Also veri
fy that column names are plain ASCII.). This error is not critical.

See the pgfplots package documentation for explanation.
Type  H <return>  for immediate help.
 ...                                              
                                                  
l.34         ]{artists.csv}
                           
(That was another \errmessage.)


! Package pgfplots Error: Table 'artists.csv' appears to have too many columns 
in line 21: Ignoring '1899,Impressionism,French,259'. PGFPlots found that the n
umber of columns is larger than the previously determined number of columns. Pl
ease verify that every cell entry is separated correctly (use braces {<cell ent
ry>} if necessary. Also verify that column names are plain ASCII.). This error 
is not critical.

See the pgfplots package documentation for explanation.
Type  H <return>  for immediate help.
 ...                                              
                                                  
l.34         ]{artists.csv}
                           
(That was another \errmessage.)


! Package pgfplots Error: Table 'artists.csv' appears to have too many columns 
in line 22: Ignoring 'Bruegel,1525'. PGFPlots found that the number of columns 
is larger than the previously determined number of columns. Please verify that 
every cell entry is separated correctly (use braces {<cell entry>} if necessary
. Also verify that column names are plain ASCII.). This error is not critical.

See the pgfplots package documentation for explanation.
Type  H <return>  for immediate help.
 ...                                              
                                                  
l.34         ]{artists.csv}
                           
(That was another \errmessage.)


! Package pgfplots Error: Table 'artists.csv' appears to have too many columns 
in line 22: Ignoring '-'. PGFPlots found that the number of columns is larger t
han the previously determined number of columns. Please verify that every cell 
entry is separated correctly (use braces {<cell entry>} if necessary. Also veri
fy that column names are plain ASCII.). This error is not critical.

See the pgfplots package documentation for explanation.
Type  H <return>  for immediate help.
 ...                                              
                                                  
l.34         ]{artists.csv}
                           
(That was another \errmessage.)


! Package pgfplots Error: Table 'artists.csv' appears to have too many columns 
in line 22: Ignoring '1569,Northern'. PGFPlots found that the number of columns
 is larger than the previously determined number of columns. Please verify that
 every cell entry is separated correctly (use braces {<cell entry>} if necessar
y. Also verify that column names are plain ASCII.). This error is not critical.


See the pgfplots package documentation for explanation.
Type  H <return>  for immediate help.
 ...                                              
                                                  
l.34         ]{artists.csv}
                           
(That was another \errmessage.)


! Package pgfplots Error: Table 'artists.csv' appears to have too many columns 
in line 22: Ignoring 'Renaissance,Flemish,134'. PGFPlots found that the number 
of columns is larger than the previously determined number of columns. Please v
erify that every cell entry is separated correctly (use braces {<cell entry>} i
f necessary. Also verify that column names are plain ASCII.). This error is not
 critical.

See the pgfplots package documentation for explanation.
Type  H <return>  for immediate help.
 ...                                              
                                                  
l.34         ]{artists.csv}
                           
(That was another \errmessage.)


! Package pgfplots Error: Table 'artists.csv' appears to have too many columns 
in line 23: Ignoring 'Chagall,1887'. PGFPlots found that the number of columns 
is larger than the previously determined number of columns. Please verify that 
every cell entry is separated correctly (use braces {<cell entry>} if necessary
. Also verify that column names are plain ASCII.). This error is not critical.

See the pgfplots package documentation for explanation.
Type  H <return>  for immediate help.
 ...                                              
                                                  
l.34         ]{artists.csv}
                           
(That was another \errmessage.)


! Package pgfplots Error: Table 'artists.csv' appears to have too many columns 
in line 23: Ignoring '-'. PGFPlots found that the number of columns is larger t
han the previously determined number of columns. Please verify that every cell 
entry is separated correctly (use braces {<cell entry>} if necessary. Also veri
fy that column names are plain ASCII.). This error is not critical.

See the pgfplots package documentation for explanation.
Type  H <return>  for immediate help.
 ...                                              
                                                  
l.34         ]{artists.csv}
                           
(That was another \errmessage.)


! Package pgfplots Error: Table 'artists.csv' appears to have too many columns 
in line 23: Ignoring '1985,Primitivism,French,239'. PGFPlots found that the num
ber of columns is larger than the previously determined number of columns. Plea
se verify that every cell entry is separated correctly (use braces {<cell entry
>} if necessary. Also verify that column names are plain ASCII.). This error is
 not critical.

See the pgfplots package documentation for explanation.
Type  H <return>  for immediate help.
 ...                                              
                                                  
l.34         ]{artists.csv}
                           
(That was another \errmessage.)


! Package pgfplots Error: Table 'artists.csv' appears to have too many columns 
in line 24: Ignoring 'di'. PGFPlots found that the number of columns is larger 
than the previously determined number of columns. Please verify that every cell
 entry is separated correctly (use braces {<cell entry>} if necessary. Also ver
ify that column names are plain ASCII.). This error is not critical.

See the pgfplots package documentation for explanation.
Type  H <return>  for immediate help.
 ...                                              
                                                  
l.34         ]{artists.csv}
                           
(That was another \errmessage.)


! Package pgfplots Error: Table 'artists.csv' appears to have too many columns 
in line 24: Ignoring 'Bondone,1266'. PGFPlots found that the number of columns 
is larger than the previously determined number of columns. Please verify that 
every cell entry is separated correctly (use braces {<cell entry>} if necessary
. Also verify that column names are plain ASCII.). This error is not critical.

See the pgfplots package documentation for explanation.
Type  H <return>  for immediate help.
 ...                                              
                                                  
l.34         ]{artists.csv}
                           
(That was another \errmessage.)


! Package pgfplots Error: Table 'artists.csv' appears to have too many columns 
in line 24: Ignoring '-'. PGFPlots found that the number of columns is larger t
han the previously determined number of columns. Please verify that every cell 
entry is separated correctly (use braces {<cell entry>} if necessary. Also veri
fy that column names are plain ASCII.). This error is not critical.

See the pgfplots package documentation for explanation.
Type  H <return>  for immediate help.
 ...                                              
                                                  
l.34         ]{artists.csv}
                           
(That was another \errmessage.)


! Package pgfplots Error: Table 'artists.csv' appears to have too many columns 
in line 24: Ignoring '1337,Proto'. PGFPlots found that the number of columns is
 larger than the previously determined number of columns. Please verify that ev
ery cell entry is separated correctly (use braces {<cell entry>} if necessary. 
Also verify that column names are plain ASCII.). This error is not critical.

See the pgfplots package documentation for explanation.
Type  H <return>  for immediate help.
 ...                                              
                                                  
l.34         ]{artists.csv}
                           
(That was another \errmessage.)


! Package pgfplots Error: Table 'artists.csv' appears to have too many columns 
in line 24: Ignoring 'Renaissance,Italian,119'. PGFPlots found that the number 
of columns is larger than the previously determined number of columns. Please v
erify that every cell entry is separated correctly (use braces {<cell entry>} i
f necessary. Also verify that column names are plain ASCII.). This error is not
 critical.

See the pgfplots package documentation for explanation.
Type  H <return>  for immediate help.
 ...                                              
                                                  
l.34         ]{artists.csv}
                           
(That was another \errmessage.)


! Package pgfplots Error: Table 'artists.csv' appears to have too many columns 
in line 25: Ignoring 'Botticelli,1445'. PGFPlots found that the number of colum
ns is larger than the previously determined number of columns. Please verify th
at every cell entry is separated correctly (use braces {<cell entry>} if necess
ary. Also verify that column names are plain ASCII.). This error is not critica
l.

See the pgfplots package documentation for explanation.
Type  H <return>  for immediate help.
 ...                                              
                                                  
l.34         ]{artists.csv}
                           
(That was another \errmessage.)


! Package pgfplots Error: Table 'artists.csv' appears to have too many columns 
in line 25: Ignoring '-'. PGFPlots found that the number of columns is larger t
han the previously determined number of columns. Please verify that every cell 
entry is separated correctly (use braces {<cell entry>} if necessary. Also veri
fy that column names are plain ASCII.). This error is not critical.

See the pgfplots package documentation for explanation.
Type  H <return>  for immediate help.
 ...                                              
                                                  
l.34         ]{artists.csv}
                           
(That was another \errmessage.)


! Package pgfplots Error: Table 'artists.csv' appears to have too many columns 
in line 25: Ignoring '1510,Early'. PGFPlots found that the number of columns is
 larger than the previously determined number of columns. Please verify that ev
ery cell entry is separated correctly (use braces {<cell entry>} if necessary. 
Also verify that column names are plain ASCII.). This error is not critical.

See the pgfplots package documentation for explanation.
Type  H <return>  for immediate help.
 ...                                              
                                                  
l.34         ]{artists.csv}
                           
(That was another \errmessage.)


! Package pgfplots Error: Table 'artists.csv' appears to have too many columns 
in line 25: Ignoring 'Renaissance,Italian,164'. PGFPlots found that the number 
of columns is larger than the previously determined number of columns. Please v
erify that every cell entry is separated correctly (use braces {<cell entry>} i
f necessary. Also verify that column names are plain ASCII.). This error is not
 critical.

See the pgfplots package documentation for explanation.
Type  H <return>  for immediate help.
 ...                                              
                                                  
l.34         ]{artists.csv}
                           
(That was another \errmessage.)


! Package pgfplots Error: Table 'artists.csv' appears to have too many columns 
in line 26: Ignoring '-'. PGFPlots found that the number of columns is larger t
han the previously determined number of columns. Please verify that every cell 
entry is separated correctly (use braces {<cell entry>} if necessary. Also veri
fy that column names are plain ASCII.). This error is not critical.

See the pgfplots package documentation for explanation.
Type  H <return>  for immediate help.
 ...                                              
                                                  
l.34         ]{artists.csv}
                           
(That was another \errmessage.)


! Package pgfplots Error: Table 'artists.csv' appears to have too many columns 
in line 26: Ignoring '1610,Baroque,Italian,55'. PGFPlots found that the number 
of columns is larger than the previously determined number of columns. Please v
erify that every cell entry is separated correctly (use braces {<cell entry>} i
f necessary. Also verify that column names are plain ASCII.). This error is not
 critical.

See the pgfplots package documentation for explanation.
Type  H <return>  for immediate help.
 ...                                              
                                                  
l.34         ]{artists.csv}
                           
(That was another \errmessage.)


! Package pgfplots Error: Table 'artists.csv' appears to have too many columns 
in line 27: Ignoring 'da'. PGFPlots found that the number of columns is larger 
than the previously determined number of columns. Please verify that every cell
 entry is separated correctly (use braces {<cell entry>} if necessary. Also ver
ify that column names are plain ASCII.). This error is not critical.

See the pgfplots package documentation for explanation.
Type  H <return>  for immediate help.
 ...                                              
                                                  
l.34         ]{artists.csv}
                           
(That was another \errmessage.)


! Package pgfplots Error: Table 'artists.csv' appears to have too many columns 
in line 27: Ignoring 'Vinci,1452'. PGFPlots found that the number of columns is
 larger than the previously determined number of columns. Please verify that ev
ery cell entry is separated correctly (use braces {<cell entry>} if necessary. 
Also verify that column names are plain ASCII.). This error is not critical.

See the pgfplots package documentation for explanation.
Type  H <return>  for immediate help.
 ...                                              
                                                  
l.34         ]{artists.csv}
                           
(That was another \errmessage.)


! Package pgfplots Error: Table 'artists.csv' appears to have too many columns 
in line 27: Ignoring '-'. PGFPlots found that the number of columns is larger t
han the previously determined number of columns. Please verify that every cell 
entry is separated correctly (use braces {<cell entry>} if necessary. Also veri
fy that column names are plain ASCII.). This error is not critical.

See the pgfplots package documentation for explanation.
Type  H <return>  for immediate help.
 ...                                              
                                                  
l.34         ]{artists.csv}
                           
(That was another \errmessage.)


! Package pgfplots Error: Table 'artists.csv' appears to have too many columns 
in line 27: Ignoring '1519,High'. PGFPlots found that the number of columns is 
larger than the previously determined number of columns. Please verify that eve
ry cell entry is separated correctly (use braces {<cell entry>} if necessary. A
lso verify that column names are plain ASCII.). This error is not critical.

See the pgfplots package documentation for explanation.
Type  H <return>  for immediate help.
 ...                                              
                                                  
l.34         ]{artists.csv}
                           
(That was another \errmessage.)


! Package pgfplots Error: Table 'artists.csv' appears to have too many columns 
in line 27: Ignoring 'Renaissance,Italian,143'. PGFPlots found that the number 
of columns is larger than the previously determined number of columns. Please v
erify that every cell entry is separated correctly (use braces {<cell entry>} i
f necessary. Also verify that column names are plain ASCII.). This error is not
 critical.

See the pgfplots package documentation for explanation.
Type  H <return>  for immediate help.
 ...                                              
                                                  
l.34         ]{artists.csv}
                           
(That was another \errmessage.)


! Package pgfplots Error: Table 'artists.csv' appears to have too many columns 
in line 28: Ignoring 'Velazquez,1599'. PGFPlots found that the number of column
s is larger than the previously determined number of columns. Please verify tha
t every cell entry is separated correctly (use braces {<cell entry>} if necessa
ry. Also verify that column names are plain ASCII.). This error is not critical
.

See the pgfplots package documentation for explanation.
Type  H <return>  for immediate help.
 ...                                              
                                                  
l.34         ]{artists.csv}
                           
(That was another \errmessage.)


! Package pgfplots Error: Table 'artists.csv' appears to have too many columns 
in line 28: Ignoring '-'. PGFPlots found that the number of columns is larger t
han the previously determined number of columns. Please verify that every cell 
entry is separated correctly (use braces {<cell entry>} if necessary. Also veri
fy that column names are plain ASCII.). This error is not critical.

See the pgfplots package documentation for explanation.
Type  H <return>  for immediate help.
 ...                                              
                                                  
l.34         ]{artists.csv}
                           
(That was another \errmessage.)


! Package pgfplots Error: Table 'artists.csv' appears to have too many columns 
in line 28: Ignoring '1660,Baroque,Spanish,128'. PGFPlots found that the number
 of columns is larger than the previously determined number of columns. Please 
verify that every cell entry is separated correctly (use braces {<cell entry>} 
if necessary. Also verify that column names are plain ASCII.). This error is no
t critical.

See the pgfplots package documentation for explanation.
Type  H <return>  for immediate help.
 ...                                              
                                                  
l.34         ]{artists.csv}
                           
(That was another \errmessage.)


! Package pgfplots Error: Table 'artists.csv' appears to have too many columns 
in line 29: Ignoring 'Matisse,1869'. PGFPlots found that the number of columns 
is larger than the previously determined number of columns. Please verify that 
every cell entry is separated correctly (use braces {<cell entry>} if necessary
. Also verify that column names are plain ASCII.). This error is not critical.

See the pgfplots package documentation for explanation.
Type  H <return>  for immediate help.
 ...                                              
                                                  
l.34         ]{artists.csv}
                           
(That was another \errmessage.)


! Package pgfplots Error: Table 'artists.csv' appears to have too many columns 
in line 29: Ignoring '-'. PGFPlots found that the number of columns is larger t
han the previously determined number of columns. Please verify that every cell 
entry is separated correctly (use braces {<cell entry>} if necessary. Also veri
fy that column names are plain ASCII.). This error is not critical.

See the pgfplots package documentation for explanation.
Type  H <return>  for immediate help.
 ...                                              
                                                  
l.34         ]{artists.csv}
                           
(That was another \errmessage.)


! Package pgfplots Error: Table 'artists.csv' appears to have too many columns 
in line 29: Ignoring '1954,Impressionism,French,186'. PGFPlots found that the n
umber of columns is larger than the previously determined number of columns. Pl
ease verify that every cell entry is separated correctly (use braces {<cell ent
ry>} if necessary. Also verify that column names are plain ASCII.). This error 
is not critical.

See the pgfplots package documentation for explanation.
Type  H <return>  for immediate help.
 ...                                              
                                                  
l.34         ]{artists.csv}
                           
(That makes 100 errors; please try again.) 
Here is how much of TeX's memory you used:
 21890 strings out of 480790
 588805 string characters out of 2907027
 943149 words of memory out of 3000000
 37585 multiletter control sequences out of 15000+200000
 532338 words of font info for 24 fonts, out of 3000000 for 9000
 1141 hyphenation exceptions out of 8191
 76i,3n,102p,739b,609s stack positions out of 5000i,500n,10000p,200000b,50000s

!  ==> Fatal error occurred, no output PDF file produced!
